/Users/wangzhiqiang/Library/Python/3.9/lib/python/site-packages/urllib3/__init__.py:35: NotOpenSSLWarning: urllib3 v2 only supports OpenSSL 1.1.1+, currently the 'ssl' module is compiled with 'LibreSSL 2.8.3'. See: https://github.com/urllib3/urllib3/issues/3020
  warnings.warn(
23:13:44  INFO     database  数据库就绪：/Users/wangzhiqiang/My Ai/bitgetfollow/data/tracker.db
23:13:44  INFO     web  启动 Web 仪表盘：http://127.0.0.1:8080
23:13:44  INFO     web  心跳监控启动（首次收到心跳后，60秒无响应将提示网页关闭）
 * Serving Flask app 'web'
 * Debug mode: off
23:13:44  INFO     werkzeug  [31m[1mWARNING: This is a development server. Do not use it in a production deployment. Use a production WSGI server instead.[0m
 * Running on http://127.0.0.1:8080
23:13:44  INFO     werkzeug  [33mPress CTRL+C to quit[0m
23:13:46  INFO     web  启动补全 + 采集，共 5 名交易员
23:13:46  INFO     collector  初始化交易员 woshiguaizi (b1b64874)…
23:13:46  INFO     werkzeug  127.0.0.1 - - [02/Mar/2026 23:13:46] "GET / HTTP/1.1" 200 -
23:13:46  INFO     werkzeug  127.0.0.1 - - [02/Mar/2026 23:13:46] "POST /api/heartbeat HTTP/1.1" 200 -
23:13:46  INFO     werkzeug  127.0.0.1 - - [02/Mar/2026 23:13:46] "GET /api/status HTTP/1.1" 200 -
23:13:46  INFO     werkzeug  127.0.0.1 - - [02/Mar/2026 23:13:46] "GET /api/copy/settings HTTP/1.1" 200 -
23:13:47  INFO     copy_engine  加载内存快照 [b1b64874]: 17 个
23:13:47  INFO     copy_engine  跟单引擎启动 (高并发精准防重模式 + 币安信号源)
23:13:47  INFO     web  跟单引擎已自动恢复
23:13:47  INFO     copy_engine  币安交易员 491471998592 首次初始化信号时间戳，跳过历史信号
23:13:47  INFO     copy_engine  币安交易员 492954655263 首次初始化信号时间戳，跳过历史信号
23:13:47  INFO     copy_engine  币安交易员 475183830208 首次初始化信号时间戳，跳过历史信号
23:13:48  INFO     werkzeug  127.0.0.1 - - [02/Mar/2026 23:13:48] "GET / HTTP/1.1" 200 -
23:13:48  INFO     collector  当前持仓 17 个 [b1b64874]
23:13:48  INFO     collector  初始化完成：woshiguaizi
23:13:48  INFO     collector  初始化交易员 ecocycle (b1bc4c70)…
23:13:49  INFO     collector  当前持仓 0 个 [b1bc4c70]
23:13:49  INFO     collector  初始化完成：ecocycle
23:13:49  INFO     collector  初始化交易员 Tradease-Lucas (bfb74771)…
23:13:51  WARNING  scraper  Web API /v1/trigger/trace/order/currentList error: 交易专家已启用未结仓位保护
23:13:51  INFO     collector  交易员 bfb74771 开启了持仓保护或获取失败，跳过本次快照更新
23:13:51  INFO     collector  初始化完成：Tradease-Lucas
23:13:51  INFO     collector  初始化交易员 Karina_espar (bab24675)…
23:13:51  INFO     werkzeug  127.0.0.1 - - [02/Mar/2026 23:13:51] "POST /api/heartbeat HTTP/1.1" 200 -
23:13:51  INFO     werkzeug  127.0.0.1 - - [02/Mar/2026 23:13:51] "GET /api/status HTTP/1.1" 200 -
23:13:52  WARNING  scraper  Web API /v1/trigger/trace/order/currentList error: 交易专家已启用未结仓位保护
23:13:52  INFO     collector  交易员 bab24675 开启了持仓保护或获取失败，跳过本次快照更新
23:13:52  INFO     collector  初始化完成：Karina_espar
23:13:52  INFO     collector  初始化交易员 Team_Redheal (beb24f70)…
23:13:54  INFO     werkzeug  127.0.0.1 - - [02/Mar/2026 23:13:54] "GET /my-positions HTTP/1.1" 200 -
23:13:54  INFO     werkzeug  127.0.0.1 - - [02/Mar/2026 23:13:54] "POST /api/heartbeat HTTP/1.1" 200 -
23:13:54  INFO     werkzeug  127.0.0.1 - - [02/Mar/2026 23:13:54] "GET /api/status HTTP/1.1" 200 -
23:13:54  INFO     werkzeug  127.0.0.1 - - [02/Mar/2026 23:13:54] "GET /api/copy/settings HTTP/1.1" 200 -
23:13:54  WARNING  scraper  Web API /v1/trigger/trace/order/currentList error: 交易专家已启用未结仓位保护
23:13:54  INFO     collector  交易员 beb24f70 开启了持仓保护或获取失败，跳过本次快照更新
23:13:54  INFO     collector  初始化完成：Team_Redheal
23:13:54  INFO     collector  采集器启动，轮询间隔 5s
23:13:54  INFO     web  采集器已自动启动
23:13:54  INFO     werkzeug  127.0.0.1 - - [02/Mar/2026 23:13:54] "GET /api/copy/orders?page=1&page_size=30 HTTP/1.1" 200 -
23:13:54  INFO     werkzeug  127.0.0.1 - - [02/Mar/2026 23:13:54] "GET /api/copy/positions HTTP/1.1" 200 -
23:13:55  WARNING  scraper  Web API /v1/trigger/trace/order/currentList error: 交易专家已启用未结仓位保护
23:13:55  INFO     collector  交易员 beb24f70 开启了持仓保护或获取失败，跳过本次快照更新
23:13:56  INFO     werkzeug  127.0.0.1 - - [02/Mar/2026 23:13:56] "POST /api/copy/test_api HTTP/1.1" 200 -
23:13:57  WARNING  scraper  Web API /v1/trigger/trace/order/currentList error: 交易专家已启用未结仓位保护
23:13:57  INFO     collector  交易员 bab24675 开启了持仓保护或获取失败，跳过本次快照更新
23:13:58  WARNING  scraper  Web API /v1/trigger/trace/order/currentList error: 交易专家已启用未结仓位保护
23:13:58  INFO     collector  交易员 bfb74771 开启了持仓保护或获取失败，跳过本次快照更新
23:13:59  INFO     werkzeug  127.0.0.1 - - [02/Mar/2026 23:13:59] "POST /api/heartbeat HTTP/1.1" 200 -
23:13:59  INFO     werkzeug  127.0.0.1 - - [02/Mar/2026 23:13:59] "GET /api/status HTTP/1.1" 200 -
23:13:59  INFO     werkzeug  127.0.0.1 - - [02/Mar/2026 23:13:59] "GET /api/status HTTP/1.1" 200 -
23:14:00  INFO     collector  当前持仓 0 个 [b1bc4c70]
23:14:01  INFO     collector  当前持仓 17 个 [b1b64874]
23:14:03  INFO     collector  当前持仓 17 个 [b1b64874]
23:14:04  INFO     werkzeug  127.0.0.1 - - [02/Mar/2026 23:14:04] "POST /api/heartbeat HTTP/1.1" 200 -
23:14:04  INFO     werkzeug  127.0.0.1 - - [02/Mar/2026 23:14:04] "GET /api/status HTTP/1.1" 200 -
23:14:04  INFO     werkzeug  127.0.0.1 - - [02/Mar/2026 23:14:04] "GET /api/status HTTP/1.1" 200 -
23:14:04  INFO     collector  当前持仓 0 个 [b1bc4c70]
23:14:06  WARNING  scraper  Web API /v1/trigger/trace/order/currentList error: 交易专家已启用未结仓位保护
23:14:06  INFO     collector  交易员 bfb74771 开启了持仓保护或获取失败，跳过本次快照更新
23:14:07  WARNING  scraper  Web API /v1/trigger/trace/order/currentList error: 交易专家已启用未结仓位保护
23:14:07  INFO     collector  交易员 bab24675 开启了持仓保护或获取失败，跳过本次快照更新
23:14:09  WARNING  scraper  Web API /v1/trigger/trace/order/currentList error: 交易专家已启用未结仓位保护
23:14:09  INFO     collector  交易员 beb24f70 开启了持仓保护或获取失败，跳过本次快照更新
23:14:09  INFO     werkzeug  127.0.0.1 - - [02/Mar/2026 23:14:09] "POST /api/heartbeat HTTP/1.1" 200 -
23:14:09  INFO     werkzeug  127.0.0.1 - - [02/Mar/2026 23:14:09] "GET /api/status HTTP/1.1" 200 -
23:14:09  INFO     werkzeug  127.0.0.1 - - [02/Mar/2026 23:14:09] "GET /api/status HTTP/1.1" 200 -
23:14:09  INFO     werkzeug  127.0.0.1 - - [02/Mar/2026 23:14:09] "GET /api/copy/orders?page=1&page_size=30 HTTP/1.1" 200 -
23:14:10  WARNING  scraper  Web API /v1/trigger/trace/order/currentList error: 交易专家已启用未结仓位保护
23:14:10  INFO     collector  交易员 beb24f70 开启了持仓保护或获取失败，跳过本次快照更新
23:14:12  WARNING  scraper  Web API /v1/trigger/trace/order/currentList error: 交易专家已启用未结仓位保护
23:14:12  INFO     collector  交易员 bab24675 开启了持仓保护或获取失败，跳过本次快照更新
23:14:13  WARNING  scraper  Web API /v1/trigger/trace/order/currentList error: 交易专家已启用未结仓位保护
23:14:13  INFO     collector  交易员 bfb74771 开启了持仓保护或获取失败，跳过本次快照更新
23:14:14  INFO     werkzeug  127.0.0.1 - - [02/Mar/2026 23:14:14] "POST /api/heartbeat HTTP/1.1" 200 -
23:14:14  INFO     werkzeug  127.0.0.1 - - [02/Mar/2026 23:14:14] "GET /api/status HTTP/1.1" 200 -
23:14:14  INFO     werkzeug  127.0.0.1 - - [02/Mar/2026 23:14:14] "GET /api/status HTTP/1.1" 200 -
23:14:15  INFO     collector  当前持仓 0 个 [b1bc4c70]
23:14:16  INFO     collector  当前持仓 17 个 [b1b64874]
23:14:18  INFO     collector  当前持仓 17 个 [b1b64874]
23:14:19  INFO     werkzeug  127.0.0.1 - - [02/Mar/2026 23:14:19] "POST /api/heartbeat HTTP/1.1" 200 -
23:14:19  INFO     werkzeug  127.0.0.1 - - [02/Mar/2026 23:14:19] "GET /api/status HTTP/1.1" 200 -
23:14:19  INFO     werkzeug  127.0.0.1 - - [02/Mar/2026 23:14:19] "GET /api/status HTTP/1.1" 200 -
23:14:19  INFO     collector  当前持仓 0 个 [b1bc4c70]
23:14:21  WARNING  scraper  Web API /v1/trigger/trace/order/currentList error: 交易专家已启用未结仓位保护
23:14:21  INFO     collector  交易员 bfb74771 开启了持仓保护或获取失败，跳过本次快照更新
23:14:22  WARNING  scraper  Web API /v1/trigger/trace/order/currentList error: 交易专家已启用未结仓位保护
23:14:22  INFO     collector  交易员 bab24675 开启了持仓保护或获取失败，跳过本次快照更新
23:14:24  WARNING  scraper  Web API /v1/trigger/trace/order/currentList error: 交易专家已启用未结仓位保护
23:14:24  INFO     collector  交易员 beb24f70 开启了持仓保护或获取失败，跳过本次快照更新
23:14:24  INFO     werkzeug  127.0.0.1 - - [02/Mar/2026 23:14:24] "POST /api/heartbeat HTTP/1.1" 200 -
23:14:24  INFO     werkzeug  127.0.0.1 - - [02/Mar/2026 23:14:24] "GET /api/status HTTP/1.1" 200 -
23:14:24  INFO     werkzeug  127.0.0.1 - - [02/Mar/2026 23:14:24] "GET /api/status HTTP/1.1" 200 -
23:14:24  INFO     werkzeug  127.0.0.1 - - [02/Mar/2026 23:14:24] "GET /api/copy/orders?page=1&page_size=30 HTTP/1.1" 200 -
23:14:25  WARNING  scraper  Web API /v1/trigger/trace/order/currentList error: 交易专家已启用未结仓位保护
23:14:25  INFO     collector  交易员 beb24f70 开启了持仓保护或获取失败，跳过本次快照更新
23:14:27  WARNING  scraper  Web API /v1/trigger/trace/order/currentList error: 交易专家已启用未结仓位保护
23:14:27  INFO     collector  交易员 bab24675 开启了持仓保护或获取失败，跳过本次快照更新
23:14:28  WARNING  scraper  Web API /v1/trigger/trace/order/currentList error: 交易专家已启用未结仓位保护
23:14:28  INFO     collector  交易员 bfb74771 开启了持仓保护或获取失败，跳过本次快照更新
23:14:29  INFO     werkzeug  127.0.0.1 - - [02/Mar/2026 23:14:29] "POST /api/heartbeat HTTP/1.1" 200 -
23:14:29  INFO     werkzeug  127.0.0.1 - - [02/Mar/2026 23:14:29] "GET /api/status HTTP/1.1" 200 -
23:14:29  INFO     werkzeug  127.0.0.1 - - [02/Mar/2026 23:14:29] "GET /api/status HTTP/1.1" 200 -
23:14:30  INFO     collector  当前持仓 0 个 [b1bc4c70]
23:14:31  INFO     collector  当前持仓 17 个 [b1b64874]
23:14:33  INFO     collector  当前持仓 17 个 [b1b64874]
23:14:34  INFO     werkzeug  127.0.0.1 - - [02/Mar/2026 23:14:34] "POST /api/heartbeat HTTP/1.1" 200 -
23:14:34  INFO     werkzeug  127.0.0.1 - - [02/Mar/2026 23:14:34] "GET /api/status HTTP/1.1" 200 -
23:14:34  INFO     werkzeug  127.0.0.1 - - [02/Mar/2026 23:14:34] "GET /api/status HTTP/1.1" 200 -
23:14:34  INFO     collector  当前持仓 0 个 [b1bc4c70]
23:14:36  WARNING  scraper  Web API /v1/trigger/trace/order/currentList error: 交易专家已启用未结仓位保护
23:14:36  INFO     collector  交易员 bfb74771 开启了持仓保护或获取失败，跳过本次快照更新
23:14:37  WARNING  scraper  Web API /v1/trigger/trace/order/currentList error: 交易专家已启用未结仓位保护
23:14:37  INFO     collector  交易员 bab24675 开启了持仓保护或获取失败，跳过本次快照更新
23:14:39  INFO     werkzeug  127.0.0.1 - - [02/Mar/2026 23:14:39] "POST /api/heartbeat HTTP/1.1" 200 -
23:14:39  INFO     werkzeug  127.0.0.1 - - [02/Mar/2026 23:14:39] "GET /api/status HTTP/1.1" 200 -
23:14:39  INFO     werkzeug  127.0.0.1 - - [02/Mar/2026 23:14:39] "GET /api/copy/orders?page=1&page_size=30 HTTP/1.1" 200 -
23:14:39  INFO     werkzeug  127.0.0.1 - - [02/Mar/2026 23:14:39] "GET /api/status HTTP/1.1" 200 -
23:14:39  WARNING  scraper  Web API /v1/trigger/trace/order/currentList error: 交易专家已启用未结仓位保护
23:14:39  INFO     collector  交易员 beb24f70 开启了持仓保护或获取失败，跳过本次快照更新
23:14:40  WARNING  scraper  Web API /v1/trigger/trace/order/currentList error: 交易专家已启用未结仓位保护
23:14:40  INFO     collector  交易员 beb24f70 开启了持仓保护或获取失败，跳过本次快照更新
23:14:42  WARNING  scraper  Web API /v1/trigger/trace/order/currentList error: 交易专家已启用未结仓位保护
23:14:42  INFO     collector  交易员 bab24675 开启了持仓保护或获取失败，跳过本次快照更新
23:14:44  WARNING  scraper  Web API /v1/trigger/trace/order/currentList error: 交易专家已启用未结仓位保护
23:14:44  INFO     collector  交易员 bfb74771 开启了持仓保护或获取失败，跳过本次快照更新
23:14:44  INFO     werkzeug  127.0.0.1 - - [02/Mar/2026 23:14:44] "POST /api/heartbeat HTTP/1.1" 200 -
23:14:44  INFO     werkzeug  127.0.0.1 - - [02/Mar/2026 23:14:44] "GET /api/status HTTP/1.1" 200 -
23:14:44  INFO     werkzeug  127.0.0.1 - - [02/Mar/2026 23:14:44] "GET /api/status HTTP/1.1" 200 -
23:14:45  INFO     collector  当前持仓 0 个 [b1bc4c70]
23:14:47  INFO     collector  当前持仓 17 个 [b1b64874]
23:14:48  INFO     collector  当前持仓 17 个 [b1b64874]
23:14:49  INFO     werkzeug  127.0.0.1 - - [02/Mar/2026 23:14:49] "POST /api/heartbeat HTTP/1.1" 200 -
23:14:49  INFO     werkzeug  127.0.0.1 - - [02/Mar/2026 23:14:49] "GET /api/status HTTP/1.1" 200 -
23:14:49  INFO     werkzeug  127.0.0.1 - - [02/Mar/2026 23:14:49] "GET /api/status HTTP/1.1" 200 -
23:14:50  INFO     collector  当前持仓 0 个 [b1bc4c70]
23:14:51  WARNING  scraper  Web API /v1/trigger/trace/order/currentList error: 交易专家已启用未结仓位保护
23:14:51  INFO     collector  交易员 bfb74771 开启了持仓保护或获取失败，跳过本次快照更新
23:14:53  WARNING  scraper  Web API /v1/trigger/trace/order/currentList error: 交易专家已启用未结仓位保护
23:14:53  INFO     collector  交易员 bab24675 开启了持仓保护或获取失败，跳过本次快照更新
23:14:54  WARNING  scraper  Web API /v1/trigger/trace/order/currentList error: 交易专家已启用未结仓位保护
23:14:54  INFO     collector  交易员 beb24f70 开启了持仓保护或获取失败，跳过本次快照更新
23:14:56  WARNING  scraper  Web API /v1/trigger/trace/order/currentList error: 交易专家已启用未结仓位保护
23:14:56  INFO     collector  交易员 beb24f70 开启了持仓保护或获取失败，跳过本次快照更新
23:14:57  WARNING  scraper  Web API /v1/trigger/trace/order/currentList error: 交易专家已启用未结仓位保护
23:14:57  INFO     collector  交易员 bab24675 开启了持仓保护或获取失败，跳过本次快照更新
23:14:59  WARNING  scraper  Web API /v1/trigger/trace/order/currentList error: 交易专家已启用未结仓位保护
23:14:59  INFO     collector  交易员 bfb74771 开启了持仓保护或获取失败，跳过本次快照更新
23:15:00  INFO     collector  当前持仓 0 个 [b1bc4c70]
23:15:02  INFO     collector  当前持仓 17 个 [b1b64874]
23:15:04  INFO     collector  当前持仓 17 个 [b1b64874]
23:15:05  INFO     collector  当前持仓 0 个 [b1bc4c70]
23:15:07  WARNING  scraper  Web API /v1/trigger/trace/order/currentList error: 交易专家已启用未结仓位保护
23:15:07  INFO     collector  交易员 bfb74771 开启了持仓保护或获取失败，跳过本次快照更新
23:15:08  WARNING  scraper  Web API /v1/trigger/trace/order/currentList error: 交易专家已启用未结仓位保护
23:15:08  INFO     collector  交易员 bab24675 开启了持仓保护或获取失败，跳过本次快照更新
23:15:10  WARNING  scraper  Web API /v1/trigger/trace/order/currentList error: 交易专家已启用未结仓位保护
23:15:10  INFO     collector  交易员 beb24f70 开启了持仓保护或获取失败，跳过本次快照更新
23:15:11  WARNING  scraper  Web API /v1/trigger/trace/order/currentList error: 交易专家已启用未结仓位保护
23:15:11  INFO     collector  交易员 beb24f70 开启了持仓保护或获取失败，跳过本次快照更新
23:15:13  WARNING  scraper  Web API /v1/trigger/trace/order/currentList error: 交易专家已启用未结仓位保护
23:15:13  INFO     collector  交易员 bab24675 开启了持仓保护或获取失败，跳过本次快照更新
23:15:14  WARNING  scraper  Web API /v1/trigger/trace/order/currentList error: 交易专家已启用未结仓位保护
23:15:14  INFO     collector  交易员 bfb74771 开启了持仓保护或获取失败，跳过本次快照更新
23:15:16  INFO     collector  当前持仓 0 个 [b1bc4c70]
23:15:17  INFO     collector  当前持仓 17 个 [b1b64874]
23:15:19  INFO     collector  当前持仓 17 个 [b1b64874]
23:15:20  INFO     collector  当前持仓 0 个 [b1bc4c70]
23:15:22  WARNING  scraper  Web API /v1/trigger/trace/order/currentList error: 交易专家已启用未结仓位保护
23:15:22  INFO     collector  交易员 bfb74771 开启了持仓保护或获取失败，跳过本次快照更新
23:15:23  WARNING  scraper  Web API /v1/trigger/trace/order/currentList error: 交易专家已启用未结仓位保护
23:15:23  INFO     collector  交易员 bab24675 开启了持仓保护或获取失败，跳过本次快照更新
23:15:25  WARNING  scraper  Web API /v1/trigger/trace/order/currentList error: 交易专家已启用未结仓位保护
23:15:25  INFO     collector  交易员 beb24f70 开启了持仓保护或获取失败，跳过本次快照更新
23:15:26  WARNING  scraper  Web API /v1/trigger/trace/order/currentList error: 交易专家已启用未结仓位保护
23:15:26  INFO     collector  交易员 beb24f70 开启了持仓保护或获取失败，跳过本次快照更新
23:15:28  WARNING  scraper  Web API /v1/trigger/trace/order/currentList error: 交易专家已启用未结仓位保护
23:15:28  INFO     collector  交易员 bab24675 开启了持仓保护或获取失败，跳过本次快照更新
23:15:29  WARNING  scraper  Web API /v1/trigger/trace/order/currentList error: 交易专家已启用未结仓位保护
23:15:29  INFO     collector  交易员 bfb74771 开启了持仓保护或获取失败，跳过本次快照更新
23:15:31  INFO     collector  当前持仓 0 个 [b1bc4c70]
23:15:32  INFO     collector  当前持仓 17 个 [b1b64874]
23:15:34  INFO     collector  当前持仓 17 个 [b1b64874]
23:15:35  INFO     collector  当前持仓 0 个 [b1bc4c70]
23:15:37  WARNING  scraper  Web API /v1/trigger/trace/order/currentList error: 交易专家已启用未结仓位保护
23:15:37  INFO     collector  交易员 bfb74771 开启了持仓保护或获取失败，跳过本次快照更新
23:15:38  WARNING  scraper  Web API /v1/trigger/trace/order/currentList error: 交易专家已启用未结仓位保护
23:15:38  INFO     collector  交易员 bab24675 开启了持仓保护或获取失败，跳过本次快照更新
23:15:40  WARNING  scraper  Web API /v1/trigger/trace/order/currentList error: 交易专家已启用未结仓位保护
23:15:40  INFO     collector  交易员 beb24f70 开启了持仓保护或获取失败，跳过本次快照更新
23:15:41  WARNING  scraper  Web API /v1/trigger/trace/order/currentList error: 交易专家已启用未结仓位保护
23:15:41  INFO     collector  交易员 beb24f70 开启了持仓保护或获取失败，跳过本次快照更新
23:15:43  WARNING  scraper  Web API /v1/trigger/trace/order/currentList error: 交易专家已启用未结仓位保护
23:15:43  INFO     collector  交易员 bab24675 开启了持仓保护或获取失败，跳过本次快照更新
23:15:44  WARNING  scraper  Web API /v1/trigger/trace/order/currentList error: 交易专家已启用未结仓位保护
23:15:44  INFO     collector  交易员 bfb74771 开启了持仓保护或获取失败，跳过本次快照更新
23:15:46  INFO     collector  当前持仓 0 个 [b1bc4c70]
23:15:47  INFO     collector  当前持仓 17 个 [b1b64874]
23:15:49  WARNING  web  检测到网页已关闭（60秒无心跳），采集器和引擎继续后台运行
23:15:49  INFO     collector  当前持仓 17 个 [b1b64874]
23:15:51  INFO     collector  当前持仓 0 个 [b1bc4c70]
23:15:52  WARNING  scraper  Web API /v1/trigger/trace/order/currentList error: 交易专家已启用未结仓位保护
23:15:52  INFO     collector  交易员 bfb74771 开启了持仓保护或获取失败，跳过本次快照更新
23:15:54  WARNING  scraper  Web API /v1/trigger/trace/order/currentList error: 交易专家已启用未结仓位保护
23:15:54  INFO     collector  交易员 bab24675 开启了持仓保护或获取失败，跳过本次快照更新
23:15:55  WARNING  scraper  Web API /v1/trigger/trace/order/currentList error: 交易专家已启用未结仓位保护
23:15:55  INFO     collector  交易员 beb24f70 开启了持仓保护或获取失败，跳过本次快照更新
23:15:58  WARNING  scraper  Web API /v1/trigger/trace/order/currentList error: 交易专家已启用未结仓位保护
23:15:58  INFO     collector  交易员 beb24f70 开启了持仓保护或获取失败，跳过本次快照更新
23:15:59  WARNING  scraper  Web API /v1/trigger/trace/order/currentList error: 交易专家已启用未结仓位保护
23:15:59  INFO     collector  交易员 bab24675 开启了持仓保护或获取失败，跳过本次快照更新
23:16:01  WARNING  scraper  Web API /v1/trigger/trace/order/currentList error: 交易专家已启用未结仓位保护
23:16:01  INFO     collector  交易员 bfb74771 开启了持仓保护或获取失败，跳过本次快照更新
23:16:02  INFO     collector  当前持仓 0 个 [b1bc4c70]
23:16:04  INFO     collector  当前持仓 17 个 [b1b64874]
23:16:05  INFO     collector  当前持仓 17 个 [b1b64874]
23:16:07  INFO     collector  当前持仓 0 个 [b1bc4c70]
23:16:08  WARNING  scraper  Web API /v1/trigger/trace/order/currentList error: 交易专家已启用未结仓位保护
23:16:08  INFO     collector  交易员 bfb74771 开启了持仓保护或获取失败，跳过本次快照更新
23:16:10  WARNING  scraper  Web API /v1/trigger/trace/order/currentList error: 交易专家已启用未结仓位保护
23:16:10  INFO     collector  交易员 bab24675 开启了持仓保护或获取失败，跳过本次快照更新
23:16:11  WARNING  scraper  Web API /v1/trigger/trace/order/currentList error: 交易专家已启用未结仓位保护
23:16:11  INFO     collector  交易员 beb24f70 开启了持仓保护或获取失败，跳过本次快照更新
23:16:13  WARNING  scraper  Web API /v1/trigger/trace/order/currentList error: 交易专家已启用未结仓位保护
23:16:13  INFO     collector  交易员 beb24f70 开启了持仓保护或获取失败，跳过本次快照更新
23:16:14  WARNING  scraper  Web API /v1/trigger/trace/order/currentList error: 交易专家已启用未结仓位保护
23:16:14  INFO     collector  交易员 bab24675 开启了持仓保护或获取失败，跳过本次快照更新
23:16:16  WARNING  scraper  Web API /v1/trigger/trace/order/currentList error: 交易专家已启用未结仓位保护
23:16:16  INFO     collector  交易员 bfb74771 开启了持仓保护或获取失败，跳过本次快照更新
23:16:17  INFO     collector  当前持仓 0 个 [b1bc4c70]
23:16:19  INFO     collector  当前持仓 17 个 [b1b64874]
23:16:21  INFO     collector  当前持仓 17 个 [b1b64874]
23:16:22  INFO     collector  当前持仓 0 个 [b1bc4c70]
23:16:24  WARNING  scraper  Web API /v1/trigger/trace/order/currentList error: 交易专家已启用未结仓位保护
23:16:24  INFO     collector  交易员 bfb74771 开启了持仓保护或获取失败，跳过本次快照更新
23:16:25  WARNING  scraper  Web API /v1/trigger/trace/order/currentList error: 交易专家已启用未结仓位保护
23:16:25  INFO     collector  交易员 bab24675 开启了持仓保护或获取失败，跳过本次快照更新
23:16:27  WARNING  scraper  Web API /v1/trigger/trace/order/currentList error: 交易专家已启用未结仓位保护
23:16:27  INFO     collector  交易员 beb24f70 开启了持仓保护或获取失败，跳过本次快照更新
23:16:28  WARNING  scraper  Web API /v1/trigger/trace/order/currentList error: 交易专家已启用未结仓位保护
23:16:28  INFO     collector  交易员 beb24f70 开启了持仓保护或获取失败，跳过本次快照更新
23:16:30  WARNING  scraper  Web API /v1/trigger/trace/order/currentList error: 交易专家已启用未结仓位保护
23:16:30  INFO     collector  交易员 bab24675 开启了持仓保护或获取失败，跳过本次快照更新
23:16:31  WARNING  scraper  Web API /v1/trigger/trace/order/currentList error: 交易专家已启用未结仓位保护
23:16:31  INFO     collector  交易员 bfb74771 开启了持仓保护或获取失败，跳过本次快照更新
23:16:33  INFO     collector  当前持仓 0 个 [b1bc4c70]
23:16:34  INFO     collector  当前持仓 17 个 [b1b64874]
23:16:36  INFO     collector  当前持仓 17 个 [b1b64874]
23:16:38  INFO     collector  当前持仓 0 个 [b1bc4c70]
23:16:39  WARNING  scraper  Web API /v1/trigger/trace/order/currentList error: 交易专家已启用未结仓位保护
23:16:39  INFO     collector  交易员 bfb74771 开启了持仓保护或获取失败，跳过本次快照更新
23:16:41  WARNING  scraper  Web API /v1/trigger/trace/order/currentList error: 交易专家已启用未结仓位保护
23:16:41  INFO     collector  交易员 bab24675 开启了持仓保护或获取失败，跳过本次快照更新
23:16:41  ERROR    copy_engine  [币安信号→Bitget开仓失败] ETHUSDT: 换算后张数为0或负数（保证金=0.0, 杠杆=1x, 价格=2032.91）
23:16:42  WARNING  scraper  Web API /v1/trigger/trace/order/currentList error: 交易专家已启用未结仓位保护
23:16:42  INFO     collector  交易员 beb24f70 开启了持仓保护或获取失败，跳过本次快照更新
23:16:44  WARNING  scraper  Web API /v1/trigger/trace/order/currentList error: 交易专家已启用未结仓位保护
23:16:44  INFO     collector  交易员 beb24f70 开启了持仓保护或获取失败，跳过本次快照更新
23:16:45  WARNING  scraper  Web API /v1/trigger/trace/order/currentList error: 交易专家已启用未结仓位保护
23:16:45  INFO     collector  交易员 bab24675 开启了持仓保护或获取失败，跳过本次快照更新
23:16:47  WARNING  scraper  Web API /v1/trigger/trace/order/currentList error: 交易专家已启用未结仓位保护
23:16:47  INFO     collector  交易员 bfb74771 开启了持仓保护或获取失败，跳过本次快照更新
23:16:48  INFO     collector  当前持仓 0 个 [b1bc4c70]
23:16:50  INFO     collector  当前持仓 17 个 [b1b64874]
23:16:51  INFO     collector  当前持仓 17 个 [b1b64874]
23:16:53  INFO     collector  当前持仓 0 个 [b1bc4c70]
23:16:55  WARNING  scraper  Web API /v1/trigger/trace/order/currentList error: 交易专家已启用未结仓位保护
23:16:55  INFO     collector  交易员 bfb74771 开启了持仓保护或获取失败，跳过本次快照更新
23:16:56  WARNING  scraper  Web API /v1/trigger/trace/order/currentList error: 交易专家已启用未结仓位保护
23:16:56  INFO     collector  交易员 bab24675 开启了持仓保护或获取失败，跳过本次快照更新
23:16:58  WARNING  scraper  Web API /v1/trigger/trace/order/currentList error: 交易专家已启用未结仓位保护
23:16:58  INFO     collector  交易员 beb24f70 开启了持仓保护或获取失败，跳过本次快照更新
23:16:59  WARNING  scraper  Web API /v1/trigger/trace/order/currentList error: 交易专家已启用未结仓位保护
23:16:59  INFO     collector  交易员 beb24f70 开启了持仓保护或获取失败，跳过本次快照更新
23:17:01  WARNING  scraper  Web API /v1/trigger/trace/order/currentList error: 交易专家已启用未结仓位保护
23:17:01  INFO     collector  交易员 bab24675 开启了持仓保护或获取失败，跳过本次快照更新
23:17:02  WARNING  scraper  Web API /v1/trigger/trace/order/currentList error: 交易专家已启用未结仓位保护
23:17:02  INFO     collector  交易员 bfb74771 开启了持仓保护或获取失败，跳过本次快照更新
23:17:04  INFO     collector  当前持仓 0 个 [b1bc4c70]
23:17:06  INFO     collector  当前持仓 17 个 [b1b64874]
23:17:07  INFO     collector  当前持仓 17 个 [b1b64874]
23:17:09  INFO     collector  当前持仓 0 个 [b1bc4c70]
23:17:11  WARNING  scraper  Web API /v1/trigger/trace/order/currentList error: 交易专家已启用未结仓位保护
23:17:11  INFO     collector  交易员 bfb74771 开启了持仓保护或获取失败，跳过本次快照更新
23:17:12  WARNING  scraper  Web API /v1/trigger/trace/order/currentList error: 交易专家已启用未结仓位保护
23:17:12  INFO     collector  交易员 bab24675 开启了持仓保护或获取失败，跳过本次快照更新
23:17:13  INFO     collector  新增 1 条历史订单 [beb24f70]
23:17:14  WARNING  scraper  Web API /v1/trigger/trace/order/currentList error: 交易专家已启用未结仓位保护
23:17:14  INFO     collector  交易员 beb24f70 开启了持仓保护或获取失败，跳过本次快照更新
23:17:15  WARNING  scraper  Web API /v1/trigger/trace/order/currentList error: 交易专家已启用未结仓位保护
23:17:15  INFO     collector  交易员 beb24f70 开启了持仓保护或获取失败，跳过本次快照更新
23:17:16  WARNING  scraper  Web API /v1/trigger/trace/order/currentList error: 交易专家已启用未结仓位保护
23:17:16  INFO     collector  交易员 bab24675 开启了持仓保护或获取失败，跳过本次快照更新
23:17:18  WARNING  scraper  Web API /v1/trigger/trace/order/currentList error: 交易专家已启用未结仓位保护
23:17:18  INFO     collector  交易员 bfb74771 开启了持仓保护或获取失败，跳过本次快照更新
23:17:20  INFO     collector  当前持仓 0 个 [b1bc4c70]
23:17:21  INFO     collector  当前持仓 17 个 [b1b64874]
23:17:22  INFO     collector  当前持仓 17 个 [b1b64874]
23:17:24  INFO     collector  当前持仓 0 个 [b1bc4c70]
23:17:26  WARNING  scraper  Web API /v1/trigger/trace/order/currentList error: 交易专家已启用未结仓位保护
23:17:26  INFO     collector  交易员 bfb74771 开启了持仓保护或获取失败，跳过本次快照更新
23:17:27  WARNING  scraper  Web API /v1/trigger/trace/order/currentList error: 交易专家已启用未结仓位保护
23:17:27  INFO     collector  交易员 bab24675 开启了持仓保护或获取失败，跳过本次快照更新
23:17:29  WARNING  scraper  Web API /v1/trigger/trace/order/currentList error: 交易专家已启用未结仓位保护
23:17:29  INFO     collector  交易员 beb24f70 开启了持仓保护或获取失败，跳过本次快照更新
23:17:30  WARNING  scraper  Web API /v1/trigger/trace/order/currentList error: 交易专家已启用未结仓位保护
23:17:30  INFO     collector  交易员 beb24f70 开启了持仓保护或获取失败，跳过本次快照更新
23:17:32  WARNING  scraper  Web API /v1/trigger/trace/order/currentList error: 交易专家已启用未结仓位保护
23:17:32  INFO     collector  交易员 bab24675 开启了持仓保护或获取失败，跳过本次快照更新
23:17:33  WARNING  scraper  Web API /v1/trigger/trace/order/currentList error: 交易专家已启用未结仓位保护
23:17:33  INFO     collector  交易员 bfb74771 开启了持仓保护或获取失败，跳过本次快照更新
23:17:35  INFO     collector  当前持仓 0 个 [b1bc4c70]
23:17:36  INFO     collector  当前持仓 17 个 [b1b64874]
23:17:38  INFO     collector  当前持仓 17 个 [b1b64874]
23:17:39  INFO     collector  当前持仓 0 个 [b1bc4c70]
23:17:41  WARNING  scraper  Web API /v1/trigger/trace/order/currentList error: 交易专家已启用未结仓位保护
23:17:41  INFO     collector  交易员 bfb74771 开启了持仓保护或获取失败，跳过本次快照更新
23:17:42  WARNING  scraper  Web API /v1/trigger/trace/order/currentList error: 交易专家已启用未结仓位保护
23:17:42  INFO     collector  交易员 bab24675 开启了持仓保护或获取失败，跳过本次快照更新
23:17:44  WARNING  scraper  Web API /v1/trigger/trace/order/currentList error: 交易专家已启用未结仓位保护
23:17:44  INFO     collector  交易员 beb24f70 开启了持仓保护或获取失败，跳过本次快照更新
23:17:45  WARNING  scraper  Web API /v1/trigger/trace/order/currentList error: 交易专家已启用未结仓位保护
23:17:45  INFO     collector  交易员 beb24f70 开启了持仓保护或获取失败，跳过本次快照更新
23:17:47  WARNING  scraper  Web API /v1/trigger/trace/order/currentList error: 交易专家已启用未结仓位保护
23:17:47  INFO     collector  交易员 bab24675 开启了持仓保护或获取失败，跳过本次快照更新
23:17:48  WARNING  scraper  Web API /v1/trigger/trace/order/currentList error: 交易专家已启用未结仓位保护
23:17:48  INFO     collector  交易员 bfb74771 开启了持仓保护或获取失败，跳过本次快照更新
23:17:50  INFO     collector  当前持仓 0 个 [b1bc4c70]
23:17:51  INFO     collector  当前持仓 17 个 [b1b64874]
23:17:53  INFO     collector  当前持仓 17 个 [b1b64874]
23:17:55  INFO     collector  当前持仓 0 个 [b1bc4c70]
23:17:56  WARNING  scraper  Web API /v1/trigger/trace/order/currentList error: 交易专家已启用未结仓位保护
23:17:56  INFO     collector  交易员 bfb74771 开启了持仓保护或获取失败，跳过本次快照更新
23:17:58  WARNING  scraper  Web API /v1/trigger/trace/order/currentList error: 交易专家已启用未结仓位保护
23:17:58  INFO     collector  交易员 bab24675 开启了持仓保护或获取失败，跳过本次快照更新
23:17:59  WARNING  scraper  Web API /v1/trigger/trace/order/currentList error: 交易专家已启用未结仓位保护
23:17:59  INFO     collector  交易员 beb24f70 开启了持仓保护或获取失败，跳过本次快照更新
23:18:01  WARNING  scraper  Web API /v1/trigger/trace/order/currentList error: 交易专家已启用未结仓位保护
23:18:01  INFO     collector  交易员 beb24f70 开启了持仓保护或获取失败，跳过本次快照更新
23:18:02  WARNING  scraper  Web API /v1/trigger/trace/order/currentList error: 交易专家已启用未结仓位保护
23:18:02  INFO     collector  交易员 bab24675 开启了持仓保护或获取失败，跳过本次快照更新
23:18:04  WARNING  scraper  Web API /v1/trigger/trace/order/currentList error: 交易专家已启用未结仓位保护
23:18:04  INFO     collector  交易员 bfb74771 开启了持仓保护或获取失败，跳过本次快照更新
23:18:05  INFO     collector  当前持仓 0 个 [b1bc4c70]
23:18:07  INFO     collector  当前持仓 17 个 [b1b64874]
23:18:08  INFO     collector  当前持仓 17 个 [b1b64874]
23:18:10  INFO     collector  当前持仓 0 个 [b1bc4c70]
23:18:12  WARNING  scraper  Web API /v1/trigger/trace/order/currentList error: 交易专家已启用未结仓位保护
23:18:12  INFO     collector  交易员 bfb74771 开启了持仓保护或获取失败，跳过本次快照更新
23:18:13  WARNING  scraper  Web API /v1/trigger/trace/order/currentList error: 交易专家已启用未结仓位保护
23:18:13  INFO     collector  交易员 bab24675 开启了持仓保护或获取失败，跳过本次快照更新
23:18:15  WARNING  scraper  Web API /v1/trigger/trace/order/currentList error: 交易专家已启用未结仓位保护
23:18:15  INFO     collector  交易员 beb24f70 开启了持仓保护或获取失败，跳过本次快照更新
23:18:16  WARNING  scraper  Web API /v1/trigger/trace/order/currentList error: 交易专家已启用未结仓位保护
23:18:16  INFO     collector  交易员 beb24f70 开启了持仓保护或获取失败，跳过本次快照更新
23:18:18  WARNING  scraper  Web API /v1/trigger/trace/order/currentList error: 交易专家已启用未结仓位保护
23:18:18  INFO     collector  交易员 bab24675 开启了持仓保护或获取失败，跳过本次快照更新
23:18:19  WARNING  scraper  Web API /v1/trigger/trace/order/currentList error: 交易专家已启用未结仓位保护
23:18:19  INFO     collector  交易员 bfb74771 开启了持仓保护或获取失败，跳过本次快照更新
23:18:21  INFO     collector  当前持仓 0 个 [b1bc4c70]
23:18:22  INFO     collector  当前持仓 17 个 [b1b64874]
23:18:24  INFO     collector  当前持仓 17 个 [b1b64874]
23:18:25  INFO     collector  当前持仓 0 个 [b1bc4c70]
23:18:27  WARNING  scraper  Web API /v1/trigger/trace/order/currentList error: 交易专家已启用未结仓位保护
23:18:27  INFO     collector  交易员 bfb74771 开启了持仓保护或获取失败，跳过本次快照更新
23:18:28  WARNING  scraper  Web API /v1/trigger/trace/order/currentList error: 交易专家已启用未结仓位保护
23:18:28  INFO     collector  交易员 bab24675 开启了持仓保护或获取失败，跳过本次快照更新
23:18:30  WARNING  scraper  Web API /v1/trigger/trace/order/currentList error: 交易专家已启用未结仓位保护
23:18:30  INFO     collector  交易员 beb24f70 开启了持仓保护或获取失败，跳过本次快照更新
23:18:31  WARNING  scraper  Web API /v1/trigger/trace/order/currentList error: 交易专家已启用未结仓位保护
23:18:31  INFO     collector  交易员 beb24f70 开启了持仓保护或获取失败，跳过本次快照更新
23:18:33  WARNING  scraper  Web API /v1/trigger/trace/order/currentList error: 交易专家已启用未结仓位保护
23:18:33  INFO     collector  交易员 bab24675 开启了持仓保护或获取失败，跳过本次快照更新
23:18:34  WARNING  scraper  Web API /v1/trigger/trace/order/currentList error: 交易专家已启用未结仓位保护
23:18:34  INFO     collector  交易员 bfb74771 开启了持仓保护或获取失败，跳过本次快照更新
23:18:36  INFO     collector  当前持仓 0 个 [b1bc4c70]
23:18:38  INFO     collector  当前持仓 17 个 [b1b64874]
23:18:39  INFO     collector  当前持仓 17 个 [b1b64874]
23:18:41  INFO     collector  当前持仓 0 个 [b1bc4c70]
23:18:42  WARNING  scraper  Web API /v1/trigger/trace/order/currentList error: 交易专家已启用未结仓位保护
23:18:42  INFO     collector  交易员 bfb74771 开启了持仓保护或获取失败，跳过本次快照更新
23:18:42  INFO     web  收到信号 15，开始退出…
23:18:42  INFO     web  ════════════════════════════════════════════
23:18:42  INFO     web  系统清理启动 - 正在妥善关闭所有资源…
23:18:42  INFO     web  ════════════════════════════════════════════
23:18:43  INFO     copy_engine  跟单引擎已停止
23:18:43  INFO     web  优化数据库 WAL…
23:18:43  INFO     web  系统清理完成，已安全退出
