/Users/wangzhiqiang/Library/Python/3.9/lib/python/site-packages/urllib3/__init__.py:35: NotOpenSSLWarning: urllib3 v2 only supports OpenSSL 1.1.1+, currently the 'ssl' module is compiled with 'LibreSSL 2.8.3'. See: https://github.com/urllib3/urllib3/issues/3020
  warnings.warn(
22:52:00  INFO     database  数据库就绪：/Users/wangzhiqiang/My Ai/bitgetfollow/data/tracker.db
22:52:00  INFO     web  启动 Web 仪表盘：http://127.0.0.1:8080
22:52:00  INFO     web  心跳监控启动（15秒无响应将自动优雅关闭程序）
 * Serving Flask app 'web'
 * Debug mode: off
22:52:00  INFO     werkzeug  [31m[1mWARNING: This is a development server. Do not use it in a production deployment. Use a production WSGI server instead.[0m
 * Running on http://127.0.0.1:8080
22:52:00  INFO     werkzeug  [33mPress CTRL+C to quit[0m
22:52:02  INFO     werkzeug  127.0.0.1 - - [02/Mar/2026 22:52:02] "GET / HTTP/1.1" 200 -
22:52:02  INFO     web  启动补全 + 采集，共 5 名交易员
22:52:02  INFO     collector  初始化交易员 woshiguaizi (b1b64874)…
22:52:02  INFO     werkzeug  127.0.0.1 - - [02/Mar/2026 22:52:02] "POST /api/heartbeat HTTP/1.1" 200 -
22:52:02  INFO     werkzeug  127.0.0.1 - - [02/Mar/2026 22:52:02] "GET /api/status HTTP/1.1" 200 -
22:52:02  INFO     werkzeug  127.0.0.1 - - [02/Mar/2026 22:52:02] "GET /api/copy/settings HTTP/1.1" 200 -
22:52:03  INFO     copy_engine  加载内存快照 [b1b64874]: 17 个
22:52:03  INFO     copy_engine  跟单引擎启动 (高并发精准防重模式 + 币安信号源)
22:52:03  INFO     web  跟单引擎已自动恢复
22:52:03  INFO     copy_engine  币安交易员 491471998592 首次初始化信号时间戳，跳过历史信号
22:52:03  INFO     copy_engine  币安交易员 492954655263 首次初始化信号时间戳，跳过历史信号
22:52:03  INFO     copy_engine  币安交易员 475183830208 首次初始化信号时间戳，跳过历史信号
22:52:03  INFO     collector  当前持仓 17 个 [b1b64874]
22:52:03  INFO     collector  初始化完成：woshiguaizi
22:52:03  INFO     collector  初始化交易员 ecocycle (b1bc4c70)…
22:52:04  INFO     werkzeug  127.0.0.1 - - [02/Mar/2026 22:52:04] "POST /api/heartbeat HTTP/1.1" 200 -
22:52:04  INFO     werkzeug  127.0.0.1 - - [02/Mar/2026 22:52:04] "GET /api/status HTTP/1.1" 200 -
22:52:05  INFO     collector  当前持仓 0 个 [b1bc4c70]
22:52:05  INFO     collector  初始化完成：ecocycle
22:52:05  INFO     collector  初始化交易员 Tradease-Lucas (bfb74771)…
22:52:06  WARNING  scraper  Web API /v1/trigger/trace/order/currentList error: 交易专家已启用未结仓位保护
22:52:06  INFO     collector  交易员 bfb74771 开启了持仓保护或获取失败，跳过本次快照更新
22:52:06  INFO     collector  初始化完成：Tradease-Lucas
22:52:06  INFO     collector  初始化交易员 Karina_espar (bab24675)…
22:52:07  INFO     werkzeug  127.0.0.1 - - [02/Mar/2026 22:52:07] "POST /api/heartbeat HTTP/1.1" 200 -
22:52:07  INFO     werkzeug  127.0.0.1 - - [02/Mar/2026 22:52:07] "GET /api/status HTTP/1.1" 200 -
22:52:08  WARNING  scraper  Web API /v1/trigger/trace/order/currentList error: 交易专家已启用未结仓位保护
22:52:08  INFO     collector  交易员 bab24675 开启了持仓保护或获取失败，跳过本次快照更新
22:52:08  INFO     collector  初始化完成：Karina_espar
22:52:08  INFO     collector  初始化交易员 Team_Redheal (beb24f70)…
22:52:09  WARNING  scraper  Web API /v1/trigger/trace/order/currentList error: 交易专家已启用未结仓位保护
22:52:09  INFO     collector  交易员 beb24f70 开启了持仓保护或获取失败，跳过本次快照更新
22:52:09  INFO     collector  初始化完成：Team_Redheal
22:52:09  INFO     collector  采集器启动，轮询间隔 5s
22:52:09  INFO     web  采集器已自动启动
22:52:11  WARNING  scraper  Web API /v1/trigger/trace/order/currentList error: 交易专家已启用未结仓位保护
22:52:11  INFO     collector  交易员 beb24f70 开启了持仓保护或获取失败，跳过本次快照更新
22:52:13  WARNING  scraper  Web API /v1/trigger/trace/order/currentList error: 交易专家已启用未结仓位保护
22:52:13  INFO     collector  交易员 bab24675 开启了持仓保护或获取失败，跳过本次快照更新
22:52:15  WARNING  scraper  Web API /v1/trigger/trace/order/currentList error: 交易专家已启用未结仓位保护
22:52:15  INFO     collector  交易员 bfb74771 开启了持仓保护或获取失败，跳过本次快照更新
22:52:17  INFO     collector  当前持仓 0 个 [b1bc4c70]
22:52:17  INFO     werkzeug  127.0.0.1 - - [02/Mar/2026 22:52:17] "GET / HTTP/1.1" 200 -
22:52:18  INFO     collector  当前持仓 17 个 [b1b64874]
22:52:20  INFO     collector  当前持仓 17 个 [b1b64874]
22:52:21  INFO     collector  当前持仓 0 个 [b1bc4c70]
22:52:23  WARNING  scraper  Web API /v1/trigger/trace/order/currentList error: 交易专家已启用未结仓位保护
22:52:23  INFO     collector  交易员 bfb74771 开启了持仓保护或获取失败，跳过本次快照更新
22:52:24  WARNING  scraper  Web API /v1/trigger/trace/order/currentList error: 交易专家已启用未结仓位保护
22:52:24  INFO     collector  交易员 bab24675 开启了持仓保护或获取失败，跳过本次快照更新
22:52:25  WARNING  web  检测到网页已关闭（15秒无心跳），正在优雅关闭系统…
22:52:26  WARNING  scraper  Web API /v1/trigger/trace/order/currentList error: 交易专家已启用未结仓位保护
22:52:26  INFO     collector  交易员 beb24f70 开启了持仓保护或获取失败，跳过本次快照更新
22:52:27  WARNING  scraper  Web API /v1/trigger/trace/order/currentList error: 交易专家已启用未结仓位保护
22:52:27  INFO     collector  交易员 beb24f70 开启了持仓保护或获取失败，跳过本次快照更新
22:52:29  WARNING  scraper  Web API /v1/trigger/trace/order/currentList error: 交易专家已启用未结仓位保护
22:52:29  INFO     collector  交易员 bab24675 开启了持仓保护或获取失败，跳过本次快照更新
22:52:30  WARNING  scraper  Web API /v1/trigger/trace/order/currentList error: 交易专家已启用未结仓位保护
22:52:30  INFO     collector  交易员 bfb74771 开启了持仓保护或获取失败，跳过本次快照更新
22:52:32  INFO     collector  当前持仓 0 个 [b1bc4c70]
22:52:33  INFO     collector  当前持仓 17 个 [b1b64874]
22:52:35  INFO     collector  当前持仓 17 个 [b1b64874]
22:52:36  INFO     collector  当前持仓 0 个 [b1bc4c70]
22:52:38  WARNING  scraper  Web API /v1/trigger/trace/order/currentList error: 交易专家已启用未结仓位保护
22:52:38  INFO     collector  交易员 bfb74771 开启了持仓保护或获取失败，跳过本次快照更新
22:52:39  WARNING  scraper  Web API /v1/trigger/trace/order/currentList error: 交易专家已启用未结仓位保护
22:52:39  INFO     collector  交易员 bab24675 开启了持仓保护或获取失败，跳过本次快照更新
22:52:41  WARNING  scraper  Web API /v1/trigger/trace/order/currentList error: 交易专家已启用未结仓位保护
22:52:41  INFO     collector  交易员 beb24f70 开启了持仓保护或获取失败，跳过本次快照更新
22:52:42  WARNING  scraper  Web API /v1/trigger/trace/order/currentList error: 交易专家已启用未结仓位保护
22:52:42  INFO     collector  交易员 beb24f70 开启了持仓保护或获取失败，跳过本次快照更新
22:52:44  WARNING  scraper  Web API /v1/trigger/trace/order/currentList error: 交易专家已启用未结仓位保护
22:52:44  INFO     collector  交易员 bab24675 开启了持仓保护或获取失败，跳过本次快照更新
22:52:45  WARNING  scraper  Web API /v1/trigger/trace/order/currentList error: 交易专家已启用未结仓位保护
22:52:45  INFO     collector  交易员 bfb74771 开启了持仓保护或获取失败，跳过本次快照更新
22:52:47  INFO     collector  当前持仓 0 个 [b1bc4c70]
22:52:48  INFO     collector  当前持仓 17 个 [b1b64874]
22:52:50  INFO     collector  当前持仓 17 个 [b1b64874]
22:52:51  INFO     collector  当前持仓 0 个 [b1bc4c70]
22:52:53  WARNING  scraper  Web API /v1/trigger/trace/order/currentList error: 交易专家已启用未结仓位保护
22:52:53  INFO     collector  交易员 bfb74771 开启了持仓保护或获取失败，跳过本次快照更新
22:52:54  WARNING  scraper  Web API /v1/trigger/trace/order/currentList error: 交易专家已启用未结仓位保护
22:52:54  INFO     collector  交易员 bab24675 开启了持仓保护或获取失败，跳过本次快照更新
22:52:56  WARNING  scraper  Web API /v1/trigger/trace/order/currentList error: 交易专家已启用未结仓位保护
22:52:56  INFO     collector  交易员 beb24f70 开启了持仓保护或获取失败，跳过本次快照更新
22:52:57  WARNING  scraper  Web API /v1/trigger/trace/order/currentList error: 交易专家已启用未结仓位保护
22:52:57  INFO     collector  交易员 beb24f70 开启了持仓保护或获取失败，跳过本次快照更新
22:52:59  WARNING  scraper  Web API /v1/trigger/trace/order/currentList error: 交易专家已启用未结仓位保护
22:52:59  INFO     collector  交易员 bab24675 开启了持仓保护或获取失败，跳过本次快照更新
22:53:00  WARNING  scraper  Web API /v1/trigger/trace/order/currentList error: 交易专家已启用未结仓位保护
22:53:00  INFO     collector  交易员 bfb74771 开启了持仓保护或获取失败，跳过本次快照更新
22:53:02  INFO     collector  当前持仓 0 个 [b1bc4c70]
22:53:03  INFO     collector  当前持仓 17 个 [b1b64874]
22:53:05  INFO     collector  当前持仓 17 个 [b1b64874]
22:53:06  INFO     collector  当前持仓 0 个 [b1bc4c70]
22:53:08  WARNING  scraper  Web API /v1/trigger/trace/order/currentList error: 交易专家已启用未结仓位保护
22:53:08  INFO     collector  交易员 bfb74771 开启了持仓保护或获取失败，跳过本次快照更新
22:53:09  WARNING  scraper  Web API /v1/trigger/trace/order/currentList error: 交易专家已启用未结仓位保护
22:53:09  INFO     collector  交易员 bab24675 开启了持仓保护或获取失败，跳过本次快照更新
22:53:11  WARNING  scraper  Web API /v1/trigger/trace/order/currentList error: 交易专家已启用未结仓位保护
22:53:11  INFO     collector  交易员 beb24f70 开启了持仓保护或获取失败，跳过本次快照更新
22:53:12  WARNING  scraper  Web API /v1/trigger/trace/order/currentList error: 交易专家已启用未结仓位保护
22:53:12  INFO     collector  交易员 beb24f70 开启了持仓保护或获取失败，跳过本次快照更新
22:53:14  WARNING  scraper  Web API /v1/trigger/trace/order/currentList error: 交易专家已启用未结仓位保护
22:53:14  INFO     collector  交易员 bab24675 开启了持仓保护或获取失败，跳过本次快照更新
22:53:15  WARNING  scraper  Web API /v1/trigger/trace/order/currentList error: 交易专家已启用未结仓位保护
22:53:15  INFO     collector  交易员 bfb74771 开启了持仓保护或获取失败，跳过本次快照更新
22:53:17  INFO     collector  当前持仓 0 个 [b1bc4c70]
22:53:18  INFO     collector  当前持仓 17 个 [b1b64874]
22:53:20  INFO     collector  当前持仓 17 个 [b1b64874]
22:53:22  INFO     collector  当前持仓 0 个 [b1bc4c70]
22:53:23  WARNING  scraper  Web API /v1/trigger/trace/order/currentList error: 交易专家已启用未结仓位保护
22:53:23  INFO     collector  交易员 bfb74771 开启了持仓保护或获取失败，跳过本次快照更新
22:53:25  WARNING  scraper  Web API /v1/trigger/trace/order/currentList error: 交易专家已启用未结仓位保护
22:53:25  INFO     collector  交易员 bab24675 开启了持仓保护或获取失败，跳过本次快照更新
22:53:26  WARNING  scraper  Web API /v1/trigger/trace/order/currentList error: 交易专家已启用未结仓位保护
22:53:26  INFO     collector  交易员 beb24f70 开启了持仓保护或获取失败，跳过本次快照更新
22:53:28  WARNING  scraper  Web API /v1/trigger/trace/order/currentList error: 交易专家已启用未结仓位保护
22:53:28  INFO     collector  交易员 beb24f70 开启了持仓保护或获取失败，跳过本次快照更新
22:53:29  WARNING  scraper  Web API /v1/trigger/trace/order/currentList error: 交易专家已启用未结仓位保护
22:53:29  INFO     collector  交易员 bab24675 开启了持仓保护或获取失败，跳过本次快照更新
22:53:31  WARNING  scraper  Web API /v1/trigger/trace/order/currentList error: 交易专家已启用未结仓位保护
22:53:31  INFO     collector  交易员 bfb74771 开启了持仓保护或获取失败，跳过本次快照更新
22:53:32  INFO     collector  当前持仓 0 个 [b1bc4c70]
22:53:34  INFO     collector  当前持仓 17 个 [b1b64874]
22:53:35  INFO     collector  当前持仓 17 个 [b1b64874]
22:53:37  INFO     collector  当前持仓 0 个 [b1bc4c70]
22:53:38  WARNING  scraper  Web API /v1/trigger/trace/order/currentList error: 交易专家已启用未结仓位保护
22:53:38  INFO     collector  交易员 bfb74771 开启了持仓保护或获取失败，跳过本次快照更新
22:53:40  WARNING  scraper  Web API /v1/trigger/trace/order/currentList error: 交易专家已启用未结仓位保护
22:53:40  INFO     collector  交易员 bab24675 开启了持仓保护或获取失败，跳过本次快照更新
22:53:41  WARNING  scraper  Web API /v1/trigger/trace/order/currentList error: 交易专家已启用未结仓位保护
22:53:41  INFO     collector  交易员 beb24f70 开启了持仓保护或获取失败，跳过本次快照更新
22:53:43  WARNING  scraper  Web API /v1/trigger/trace/order/currentList error: 交易专家已启用未结仓位保护
22:53:43  INFO     collector  交易员 beb24f70 开启了持仓保护或获取失败，跳过本次快照更新
22:53:44  WARNING  scraper  Web API /v1/trigger/trace/order/currentList error: 交易专家已启用未结仓位保护
22:53:44  INFO     collector  交易员 bab24675 开启了持仓保护或获取失败，跳过本次快照更新
22:53:46  WARNING  scraper  Web API /v1/trigger/trace/order/currentList error: 交易专家已启用未结仓位保护
22:53:46  INFO     collector  交易员 bfb74771 开启了持仓保护或获取失败，跳过本次快照更新
22:53:47  INFO     collector  当前持仓 0 个 [b1bc4c70]
22:53:49  INFO     collector  当前持仓 17 个 [b1b64874]
22:53:49  INFO     werkzeug  127.0.0.1 - - [02/Mar/2026 22:53:49] "GET /api/copy/settings HTTP/1.1" 200 -
22:53:50  INFO     collector  当前持仓 17 个 [b1b64874]
22:53:52  INFO     collector  当前持仓 0 个 [b1bc4c70]
22:53:53  WARNING  scraper  Web API /v1/trigger/trace/order/currentList error: 交易专家已启用未结仓位保护
22:53:53  INFO     collector  交易员 bfb74771 开启了持仓保护或获取失败，跳过本次快照更新
22:53:55  WARNING  scraper  Web API /v1/trigger/trace/order/currentList error: 交易专家已启用未结仓位保护
22:53:55  INFO     collector  交易员 bab24675 开启了持仓保护或获取失败，跳过本次快照更新
22:53:56  WARNING  scraper  Web API /v1/trigger/trace/order/currentList error: 交易专家已启用未结仓位保护
22:53:56  INFO     collector  交易员 beb24f70 开启了持仓保护或获取失败，跳过本次快照更新
22:53:58  WARNING  scraper  Web API /v1/trigger/trace/order/currentList error: 交易专家已启用未结仓位保护
22:53:58  INFO     collector  交易员 beb24f70 开启了持仓保护或获取失败，跳过本次快照更新
22:53:59  WARNING  scraper  Web API /v1/trigger/trace/order/currentList error: 交易专家已启用未结仓位保护
22:53:59  INFO     collector  交易员 bab24675 开启了持仓保护或获取失败，跳过本次快照更新
22:54:01  WARNING  scraper  Web API /v1/trigger/trace/order/currentList error: 交易专家已启用未结仓位保护
22:54:01  INFO     collector  交易员 bfb74771 开启了持仓保护或获取失败，跳过本次快照更新
22:54:02  INFO     collector  当前持仓 0 个 [b1bc4c70]
22:54:04  INFO     collector  当前持仓 17 个 [b1b64874]
22:54:06  INFO     collector  当前持仓 17 个 [b1b64874]
22:54:07  INFO     collector  当前持仓 0 个 [b1bc4c70]
22:54:09  WARNING  scraper  Web API /v1/trigger/trace/order/currentList error: 交易专家已启用未结仓位保护
22:54:09  INFO     collector  交易员 bfb74771 开启了持仓保护或获取失败，跳过本次快照更新
22:54:11  WARNING  scraper  Web API /v1/trigger/trace/order/currentList error: 交易专家已启用未结仓位保护
22:54:11  INFO     collector  交易员 bab24675 开启了持仓保护或获取失败，跳过本次快照更新
22:54:12  WARNING  scraper  Web API /v1/trigger/trace/order/currentList error: 交易专家已启用未结仓位保护
22:54:12  INFO     collector  交易员 beb24f70 开启了持仓保护或获取失败，跳过本次快照更新
22:54:14  WARNING  scraper  Web API /v1/trigger/trace/order/currentList error: 交易专家已启用未结仓位保护
22:54:14  INFO     collector  交易员 beb24f70 开启了持仓保护或获取失败，跳过本次快照更新
22:54:15  WARNING  scraper  Web API /v1/trigger/trace/order/currentList error: 交易专家已启用未结仓位保护
22:54:15  INFO     collector  交易员 bab24675 开启了持仓保护或获取失败，跳过本次快照更新
22:54:17  WARNING  scraper  Web API /v1/trigger/trace/order/currentList error: 交易专家已启用未结仓位保护
22:54:17  INFO     collector  交易员 bfb74771 开启了持仓保护或获取失败，跳过本次快照更新
22:54:18  INFO     collector  当前持仓 0 个 [b1bc4c70]
22:54:20  INFO     collector  当前持仓 17 个 [b1b64874]
22:54:22  INFO     collector  当前持仓 17 个 [b1b64874]
22:54:23  INFO     collector  当前持仓 0 个 [b1bc4c70]
22:54:25  WARNING  scraper  Web API /v1/trigger/trace/order/currentList error: 交易专家已启用未结仓位保护
22:54:25  INFO     collector  交易员 bfb74771 开启了持仓保护或获取失败，跳过本次快照更新
22:54:26  WARNING  scraper  Web API /v1/trigger/trace/order/currentList error: 交易专家已启用未结仓位保护
22:54:26  INFO     collector  交易员 bab24675 开启了持仓保护或获取失败，跳过本次快照更新
22:54:28  WARNING  scraper  Web API /v1/trigger/trace/order/currentList error: 交易专家已启用未结仓位保护
22:54:28  INFO     collector  交易员 beb24f70 开启了持仓保护或获取失败，跳过本次快照更新
22:54:30  WARNING  scraper  Web API /v1/trigger/trace/order/currentList error: 交易专家已启用未结仓位保护
22:54:30  INFO     collector  交易员 beb24f70 开启了持仓保护或获取失败，跳过本次快照更新
22:54:31  WARNING  scraper  Web API /v1/trigger/trace/order/currentList error: 交易专家已启用未结仓位保护
22:54:31  INFO     collector  交易员 bab24675 开启了持仓保护或获取失败，跳过本次快照更新
22:54:33  WARNING  scraper  Web API /v1/trigger/trace/order/currentList error: 交易专家已启用未结仓位保护
22:54:33  INFO     collector  交易员 bfb74771 开启了持仓保护或获取失败，跳过本次快照更新
22:54:34  INFO     collector  当前持仓 0 个 [b1bc4c70]
22:54:36  INFO     collector  当前持仓 17 个 [b1b64874]
22:54:37  INFO     collector  当前持仓 17 个 [b1b64874]
22:54:39  INFO     collector  当前持仓 0 个 [b1bc4c70]
22:54:41  WARNING  scraper  Web API /v1/trigger/trace/order/currentList error: 交易专家已启用未结仓位保护
22:54:41  INFO     collector  交易员 bfb74771 开启了持仓保护或获取失败，跳过本次快照更新
22:54:42  WARNING  scraper  Web API /v1/trigger/trace/order/currentList error: 交易专家已启用未结仓位保护
22:54:42  INFO     collector  交易员 bab24675 开启了持仓保护或获取失败，跳过本次快照更新
22:54:44  WARNING  scraper  Web API /v1/trigger/trace/order/currentList error: 交易专家已启用未结仓位保护
22:54:44  INFO     collector  交易员 beb24f70 开启了持仓保护或获取失败，跳过本次快照更新
22:54:45  WARNING  scraper  Web API /v1/trigger/trace/order/currentList error: 交易专家已启用未结仓位保护
22:54:45  INFO     collector  交易员 beb24f70 开启了持仓保护或获取失败，跳过本次快照更新
22:54:46  WARNING  scraper  Web API /v1/trigger/trace/order/currentList error: 交易专家已启用未结仓位保护
22:54:46  INFO     collector  交易员 bab24675 开启了持仓保护或获取失败，跳过本次快照更新
22:54:48  WARNING  scraper  Web API /v1/trigger/trace/order/currentList error: 交易专家已启用未结仓位保护
22:54:48  INFO     collector  交易员 bfb74771 开启了持仓保护或获取失败，跳过本次快照更新
22:54:50  INFO     collector  当前持仓 0 个 [b1bc4c70]
22:54:51  INFO     collector  当前持仓 17 个 [b1b64874]
22:54:52  INFO     collector  当前持仓 17 个 [b1b64874]
22:54:54  INFO     collector  当前持仓 0 个 [b1bc4c70]
22:54:56  WARNING  scraper  Web API /v1/trigger/trace/order/currentList error: 交易专家已启用未结仓位保护
22:54:56  INFO     collector  交易员 bfb74771 开启了持仓保护或获取失败，跳过本次快照更新
22:54:57  WARNING  scraper  Web API /v1/trigger/trace/order/currentList error: 交易专家已启用未结仓位保护
22:54:57  INFO     collector  交易员 bab24675 开启了持仓保护或获取失败，跳过本次快照更新
22:54:59  WARNING  scraper  Web API /v1/trigger/trace/order/currentList error: 交易专家已启用未结仓位保护
22:54:59  INFO     collector  交易员 beb24f70 开启了持仓保护或获取失败，跳过本次快照更新
22:55:00  WARNING  scraper  Web API /v1/trigger/trace/order/currentList error: 交易专家已启用未结仓位保护
22:55:00  INFO     collector  交易员 beb24f70 开启了持仓保护或获取失败，跳过本次快照更新
22:55:02  WARNING  scraper  Web API /v1/trigger/trace/order/currentList error: 交易专家已启用未结仓位保护
22:55:02  INFO     collector  交易员 bab24675 开启了持仓保护或获取失败，跳过本次快照更新
22:55:03  WARNING  scraper  Web API /v1/trigger/trace/order/currentList error: 交易专家已启用未结仓位保护
22:55:03  INFO     collector  交易员 bfb74771 开启了持仓保护或获取失败，跳过本次快照更新
22:55:05  INFO     collector  当前持仓 0 个 [b1bc4c70]
22:55:06  INFO     collector  当前持仓 17 个 [b1b64874]
22:55:08  INFO     collector  当前持仓 17 个 [b1b64874]
22:55:09  INFO     collector  当前持仓 0 个 [b1bc4c70]
22:55:11  WARNING  scraper  Web API /v1/trigger/trace/order/currentList error: 交易专家已启用未结仓位保护
22:55:11  INFO     collector  交易员 bfb74771 开启了持仓保护或获取失败，跳过本次快照更新
22:55:13  WARNING  scraper  Web API /v1/trigger/trace/order/currentList error: 交易专家已启用未结仓位保护
22:55:13  INFO     collector  交易员 bab24675 开启了持仓保护或获取失败，跳过本次快照更新
22:55:14  WARNING  scraper  Web API /v1/trigger/trace/order/currentList error: 交易专家已启用未结仓位保护
22:55:14  INFO     collector  交易员 beb24f70 开启了持仓保护或获取失败，跳过本次快照更新
22:55:16  WARNING  scraper  Web API /v1/trigger/trace/order/currentList error: 交易专家已启用未结仓位保护
22:55:16  INFO     collector  交易员 beb24f70 开启了持仓保护或获取失败，跳过本次快照更新
22:55:17  WARNING  scraper  Web API /v1/trigger/trace/order/currentList error: 交易专家已启用未结仓位保护
22:55:17  INFO     collector  交易员 bab24675 开启了持仓保护或获取失败，跳过本次快照更新
22:55:19  WARNING  scraper  Web API /v1/trigger/trace/order/currentList error: 交易专家已启用未结仓位保护
22:55:19  INFO     collector  交易员 bfb74771 开启了持仓保护或获取失败，跳过本次快照更新
22:55:20  INFO     collector  当前持仓 0 个 [b1bc4c70]
22:55:22  INFO     collector  当前持仓 17 个 [b1b64874]
22:55:23  INFO     collector  当前持仓 17 个 [b1b64874]
22:55:25  INFO     collector  当前持仓 0 个 [b1bc4c70]
22:55:26  WARNING  scraper  Web API /v1/trigger/trace/order/currentList error: 交易专家已启用未结仓位保护
22:55:26  INFO     collector  交易员 bfb74771 开启了持仓保护或获取失败，跳过本次快照更新
22:55:28  WARNING  scraper  Web API /v1/trigger/trace/order/currentList error: 交易专家已启用未结仓位保护
22:55:28  INFO     collector  交易员 bab24675 开启了持仓保护或获取失败，跳过本次快照更新
22:55:29  WARNING  scraper  Web API /v1/trigger/trace/order/currentList error: 交易专家已启用未结仓位保护
22:55:29  INFO     collector  交易员 beb24f70 开启了持仓保护或获取失败，跳过本次快照更新
22:55:31  WARNING  scraper  Web API /v1/trigger/trace/order/currentList error: 交易专家已启用未结仓位保护
22:55:31  INFO     collector  交易员 beb24f70 开启了持仓保护或获取失败，跳过本次快照更新
22:55:32  WARNING  scraper  Web API /v1/trigger/trace/order/currentList error: 交易专家已启用未结仓位保护
22:55:32  INFO     collector  交易员 bab24675 开启了持仓保护或获取失败，跳过本次快照更新
22:55:34  WARNING  scraper  Web API /v1/trigger/trace/order/currentList error: 交易专家已启用未结仓位保护
22:55:34  INFO     collector  交易员 bfb74771 开启了持仓保护或获取失败，跳过本次快照更新
22:55:35  INFO     collector  当前持仓 0 个 [b1bc4c70]
22:55:37  INFO     collector  当前持仓 17 个 [b1b64874]
22:55:38  INFO     collector  当前持仓 17 个 [b1b64874]
22:55:40  INFO     collector  当前持仓 0 个 [b1bc4c70]
22:55:41  WARNING  scraper  Web API /v1/trigger/trace/order/currentList error: 交易专家已启用未结仓位保护
22:55:41  INFO     collector  交易员 bfb74771 开启了持仓保护或获取失败，跳过本次快照更新
22:55:43  WARNING  scraper  Web API /v1/trigger/trace/order/currentList error: 交易专家已启用未结仓位保护
22:55:43  INFO     collector  交易员 bab24675 开启了持仓保护或获取失败，跳过本次快照更新
22:55:44  WARNING  scraper  Web API /v1/trigger/trace/order/currentList error: 交易专家已启用未结仓位保护
22:55:44  INFO     collector  交易员 beb24f70 开启了持仓保护或获取失败，跳过本次快照更新
22:55:46  WARNING  scraper  Web API /v1/trigger/trace/order/currentList error: 交易专家已启用未结仓位保护
22:55:46  INFO     collector  交易员 beb24f70 开启了持仓保护或获取失败，跳过本次快照更新
22:55:48  WARNING  scraper  Web API /v1/trigger/trace/order/currentList error: 交易专家已启用未结仓位保护
22:55:48  INFO     collector  交易员 bab24675 开启了持仓保护或获取失败，跳过本次快照更新
22:55:49  WARNING  scraper  Web API /v1/trigger/trace/order/currentList error: 交易专家已启用未结仓位保护
22:55:49  INFO     collector  交易员 bfb74771 开启了持仓保护或获取失败，跳过本次快照更新
22:55:51  INFO     collector  当前持仓 0 个 [b1bc4c70]
22:55:52  INFO     collector  当前持仓 17 个 [b1b64874]
22:55:54  INFO     collector  当前持仓 17 个 [b1b64874]
22:55:55  INFO     collector  当前持仓 0 个 [b1bc4c70]
22:55:57  WARNING  scraper  Web API /v1/trigger/trace/order/currentList error: 交易专家已启用未结仓位保护
22:55:57  INFO     collector  交易员 bfb74771 开启了持仓保护或获取失败，跳过本次快照更新
22:55:58  WARNING  scraper  Web API /v1/trigger/trace/order/currentList error: 交易专家已启用未结仓位保护
22:55:58  INFO     collector  交易员 bab24675 开启了持仓保护或获取失败，跳过本次快照更新
22:56:00  WARNING  scraper  Web API /v1/trigger/trace/order/currentList error: 交易专家已启用未结仓位保护
22:56:00  INFO     collector  交易员 beb24f70 开启了持仓保护或获取失败，跳过本次快照更新
22:56:01  WARNING  scraper  Web API /v1/trigger/trace/order/currentList error: 交易专家已启用未结仓位保护
22:56:01  INFO     collector  交易员 beb24f70 开启了持仓保护或获取失败，跳过本次快照更新
22:56:03  WARNING  scraper  Web API /v1/trigger/trace/order/currentList error: 交易专家已启用未结仓位保护
22:56:03  INFO     collector  交易员 bab24675 开启了持仓保护或获取失败，跳过本次快照更新
22:56:04  WARNING  scraper  Web API /v1/trigger/trace/order/currentList error: 交易专家已启用未结仓位保护
22:56:04  INFO     collector  交易员 bfb74771 开启了持仓保护或获取失败，跳过本次快照更新
22:56:06  INFO     collector  当前持仓 0 个 [b1bc4c70]
22:56:08  INFO     collector  当前持仓 17 个 [b1b64874]
22:56:09  INFO     collector  当前持仓 17 个 [b1b64874]
22:56:11  INFO     collector  当前持仓 0 个 [b1bc4c70]
22:56:12  WARNING  scraper  Web API /v1/trigger/trace/order/currentList error: 交易专家已启用未结仓位保护
22:56:12  INFO     collector  交易员 bfb74771 开启了持仓保护或获取失败，跳过本次快照更新
22:56:14  WARNING  scraper  Web API /v1/trigger/trace/order/currentList error: 交易专家已启用未结仓位保护
22:56:14  INFO     collector  交易员 bab24675 开启了持仓保护或获取失败，跳过本次快照更新
22:56:15  INFO     web  收到信号 15，开始退出…
22:56:15  INFO     web  ════════════════════════════════════════════
22:56:15  INFO     web  系统清理启动 - 正在妥善关闭所有资源…
22:56:15  INFO     web  ════════════════════════════════════════════
22:56:15  WARNING  scraper  Web API /v1/trigger/trace/order/currentList error: 交易专家已启用未结仓位保护
22:56:15  INFO     collector  交易员 beb24f70 开启了持仓保护或获取失败，跳过本次快照更新
22:56:15  INFO     collector  采集器已停止。
22:56:15  INFO     copy_engine  跟单引擎已停止
22:56:16  INFO     web  优化数据库 WAL…
22:56:16  INFO     web  系统清理完成，已安全退出
